<?xml version="1.0" encoding="UTF-8"?>
<!-- Generated by org.testng.reporters.JUnitXMLReporter -->
<testsuite hostname="M290012VYJHC8" name="PropertyPage" tests="4" failures="0" timestamp="7 Apr 2019 12:42:24 GMT" time="14.383" errors="0">
  <testcase name="ValidateAgentDetails" time="0.13" classname="com.zoopa.TestCases.PropertyPageTest"/>
  <testcase name="validateLogoTest" time="0.018" classname="com.zoopa.TestCases.PropertyPageTest"/>
  <testcase name="validateAgentNameTest" time="0.022" classname="com.zoopa.TestCases.PropertyPageTest"/>
  <testcase name="validateAgentPhNo" time="0.022" classname="com.zoopa.TestCases.PropertyPageTest"/>
</testsuite> <!-- PropertyPage -->
