<?xml version="1.0" encoding="UTF-8"?>
<!-- Generated by org.testng.reporters.JUnitXMLReporter -->
<testsuite hostname="M290012VYJHC8" name="SearchResultPage" tests="2" failures="0" timestamp="7 Apr 2019 12:42:09 GMT" time="14.572" errors="0">
  <testcase name="printPriceListDescendingOrderTest" time="0.334" classname="com.zoopa.TestCases.SearchPageTest"/>
  <testcase name="click_On_5th_Property_AND_Verify" time="2.825" classname="com.zoopa.TestCases.SearchPageTest"/>
</testsuite> <!-- SearchResultPage -->
