<?xml version="1.0" encoding="UTF-8"?>
<!-- Generated by org.testng.reporters.JUnitXMLReporter -->
<testsuite hostname="M290012VYJHC8" name="SearchResultPage" tests="2" failures="0" timestamp="7 Apr 2019 12:17:18 GMT" time="17.803" errors="0">
  <testcase name="printPriceListDescendingOrderTest" time="0.34" classname="com.zoopa.TestCases.SearchPageTest"/>
  <testcase name="click_On_5th_Property_AND_Verify" time="2.486" classname="com.zoopa.TestCases.SearchPageTest"/>
</testsuite> <!-- SearchResultPage -->
