<?xml version="1.0" encoding="UTF-8"?>
<testng-results skipped="0" failed="0" total="9" passed="9">
  <reporter-output>
  </reporter-output>
  <suite name="NaveenAutomation_5thAprilChallenge" duration-ms="67007" started-at="2019-04-07T12:41:35Z" finished-at="2019-04-07T12:42:42Z">
    <groups>
    </groups>
    <test name="HomePage" duration-ms="20137" started-at="2019-04-07T12:41:35Z" finished-at="2019-04-07T12:41:55Z">
      <class name="com.zoopa.TestCases.HomePageTests">
        <test-method status="PASS" signature="Setup()[pri:0, instance:com.zoopa.TestCases.HomePageTests@4c70fda8]" name="Setup" is-config="true" duration-ms="13085" started-at="2019-04-07T18:11:35Z" finished-at="2019-04-07T18:11:48Z">
          <reporter-output>
          </reporter-output>
        </test-method> <!-- Setup -->
        <test-method status="PASS" signature="init()[pri:0, instance:com.zoopa.TestCases.HomePageTests@4c70fda8]" name="init" is-config="true" duration-ms="23" started-at="2019-04-07T18:11:48Z" finished-at="2019-04-07T18:11:48Z">
          <reporter-output>
          </reporter-output>
        </test-method> <!-- init -->
        <test-method status="PASS" signature="ValidateHomePagetitle()[pri:0, instance:com.zoopa.TestCases.HomePageTests@4c70fda8]" name="ValidateHomePagetitle" duration-ms="17" started-at="2019-04-07T18:11:48Z" finished-at="2019-04-07T18:11:48Z">
          <reporter-output>
          </reporter-output>
        </test-method> <!-- ValidateHomePagetitle -->
        <test-method status="PASS" signature="EnterSearchTest()[pri:0, instance:com.zoopa.TestCases.HomePageTests@4c70fda8]" name="EnterSearchTest" duration-ms="6735" started-at="2019-04-07T18:11:48Z" depends-on-methods="com.zoopa.TestCases.HomePageTests.ValidateHomePagetitle" finished-at="2019-04-07T18:11:55Z">
          <reporter-output>
          </reporter-output>
        </test-method> <!-- EnterSearchTest -->
        <test-method status="PASS" signature="TearDown()[pri:0, instance:com.zoopa.TestCases.HomePageTests@4c70fda8]" name="TearDown" is-config="true" duration-ms="262" started-at="2019-04-07T18:11:55Z" finished-at="2019-04-07T18:11:55Z">
          <reporter-output>
          </reporter-output>
        </test-method> <!-- TearDown -->
      </class> <!-- com.zoopa.TestCases.HomePageTests -->
    </test> <!-- HomePage -->
    <test name="SearchResultPage" duration-ms="14572" started-at="2019-04-07T12:41:55Z" finished-at="2019-04-07T12:42:09Z">
      <class name="com.zoopa.TestCases.SearchPageTest">
        <test-method status="PASS" signature="Setup()[pri:0, instance:com.zoopa.TestCases.SearchPageTest@343f4d3d]" name="Setup" is-config="true" duration-ms="4272" started-at="2019-04-07T18:11:55Z" finished-at="2019-04-07T18:11:59Z">
          <reporter-output>
          </reporter-output>
        </test-method> <!-- Setup -->
        <test-method status="PASS" signature="init()[pri:0, instance:com.zoopa.TestCases.SearchPageTest@343f4d3d]" name="init" is-config="true" duration-ms="6829" started-at="2019-04-07T18:11:59Z" finished-at="2019-04-07T18:12:06Z">
          <reporter-output>
          </reporter-output>
        </test-method> <!-- init -->
        <test-method status="PASS" signature="printPriceListDescendingOrderTest()[pri:0, instance:com.zoopa.TestCases.SearchPageTest@343f4d3d]" name="printPriceListDescendingOrderTest" duration-ms="334" started-at="2019-04-07T18:12:06Z" finished-at="2019-04-07T18:12:06Z">
          <reporter-output>
          </reporter-output>
        </test-method> <!-- printPriceListDescendingOrderTest -->
        <test-method status="PASS" signature="click_On_5th_Property_AND_Verify()[pri:0, instance:com.zoopa.TestCases.SearchPageTest@343f4d3d]" name="click_On_5th_Property_AND_Verify" duration-ms="2825" started-at="2019-04-07T18:12:06Z" finished-at="2019-04-07T18:12:09Z">
          <reporter-output>
          </reporter-output>
        </test-method> <!-- click_On_5th_Property_AND_Verify -->
        <test-method status="PASS" signature="TearDown()[pri:0, instance:com.zoopa.TestCases.SearchPageTest@343f4d3d]" name="TearDown" is-config="true" duration-ms="309" started-at="2019-04-07T18:12:09Z" finished-at="2019-04-07T18:12:09Z">
          <reporter-output>
          </reporter-output>
        </test-method> <!-- TearDown -->
      </class> <!-- com.zoopa.TestCases.SearchPageTest -->
    </test> <!-- SearchResultPage -->
    <test name="PropertyPage" duration-ms="14383" started-at="2019-04-07T12:42:09Z" finished-at="2019-04-07T12:42:24Z">
      <class name="com.zoopa.TestCases.PropertyPageTest">
        <test-method status="PASS" signature="Setup()[pri:0, instance:com.zoopa.TestCases.PropertyPageTest@754ba872]" name="Setup" is-config="true" duration-ms="5187" started-at="2019-04-07T18:12:09Z" finished-at="2019-04-07T18:12:15Z">
          <reporter-output>
          </reporter-output>
        </test-method> <!-- Setup -->
        <test-method status="PASS" signature="init()[pri:0, instance:com.zoopa.TestCases.PropertyPageTest@754ba872]" name="init" is-config="true" duration-ms="8684" started-at="2019-04-07T18:12:15Z" finished-at="2019-04-07T18:12:23Z">
          <reporter-output>
          </reporter-output>
        </test-method> <!-- init -->
        <test-method status="PASS" signature="ValidateAgentDetails()[pri:0, instance:com.zoopa.TestCases.PropertyPageTest@754ba872]" name="ValidateAgentDetails" duration-ms="130" started-at="2019-04-07T18:12:23Z" finished-at="2019-04-07T18:12:23Z">
          <reporter-output>
          </reporter-output>
        </test-method> <!-- ValidateAgentDetails -->
        <test-method status="PASS" signature="validateLogoTest()[pri:0, instance:com.zoopa.TestCases.PropertyPageTest@754ba872]" name="validateLogoTest" duration-ms="18" started-at="2019-04-07T18:12:23Z" finished-at="2019-04-07T18:12:23Z">
          <reporter-output>
          </reporter-output>
        </test-method> <!-- validateLogoTest -->
        <test-method status="PASS" signature="validateAgentNameTest()[pri:0, instance:com.zoopa.TestCases.PropertyPageTest@754ba872]" name="validateAgentNameTest" duration-ms="22" started-at="2019-04-07T18:12:23Z" finished-at="2019-04-07T18:12:23Z">
          <reporter-output>
          </reporter-output>
        </test-method> <!-- validateAgentNameTest -->
        <test-method status="PASS" signature="validateAgentPhNo()[pri:0, instance:com.zoopa.TestCases.PropertyPageTest@754ba872]" name="validateAgentPhNo" duration-ms="22" started-at="2019-04-07T18:12:23Z" finished-at="2019-04-07T18:12:24Z">
          <reporter-output>
          </reporter-output>
        </test-method> <!-- validateAgentPhNo -->
        <test-method status="PASS" signature="TearDown()[pri:0, instance:com.zoopa.TestCases.PropertyPageTest@754ba872]" name="TearDown" is-config="true" duration-ms="315" started-at="2019-04-07T18:12:24Z" finished-at="2019-04-07T18:12:24Z">
          <reporter-output>
          </reporter-output>
        </test-method> <!-- TearDown -->
      </class> <!-- com.zoopa.TestCases.PropertyPageTest -->
    </test> <!-- PropertyPage -->
    <test name="AgentDetails" duration-ms="17876" started-at="2019-04-07T12:42:24Z" finished-at="2019-04-07T12:42:42Z">
      <class name="com.zoopa.TestCases.AgentDetailsPageTest">
        <test-method status="PASS" signature="Setup()[pri:0, instance:com.zoopa.TestCases.AgentDetailsPageTest@3abbfa04]" name="Setup" is-config="true" duration-ms="4774" started-at="2019-04-07T18:12:24Z" finished-at="2019-04-07T18:12:29Z">
          <reporter-output>
          </reporter-output>
        </test-method> <!-- Setup -->
        <test-method status="PASS" signature="init()[pri:0, instance:com.zoopa.TestCases.AgentDetailsPageTest@3abbfa04]" name="init" is-config="true" duration-ms="12744" started-at="2019-04-07T18:12:29Z" finished-at="2019-04-07T18:12:41Z">
          <reporter-output>
          </reporter-output>
        </test-method> <!-- init -->
        <test-method status="PASS" signature="ValidateAgentName()[pri:0, instance:com.zoopa.TestCases.AgentDetailsPageTest@3abbfa04]" name="ValidateAgentName" duration-ms="30" started-at="2019-04-07T18:12:41Z" finished-at="2019-04-07T18:12:41Z">
          <reporter-output>
          </reporter-output>
        </test-method> <!-- ValidateAgentName -->
        <test-method status="PASS" signature="TearDown()[pri:0, instance:com.zoopa.TestCases.AgentDetailsPageTest@3abbfa04]" name="TearDown" is-config="true" duration-ms="326" started-at="2019-04-07T18:12:41Z" finished-at="2019-04-07T18:12:42Z">
          <reporter-output>
          </reporter-output>
        </test-method> <!-- TearDown -->
      </class> <!-- com.zoopa.TestCases.AgentDetailsPageTest -->
    </test> <!-- AgentDetails -->
  </suite> <!-- NaveenAutomation_5thAprilChallenge -->
</testng-results>
