<?xml version="1.0" encoding="UTF-8"?>
<!-- Generated by org.testng.reporters.JUnitXMLReporter -->
<testsuite hostname="M290012VYJHC8" name="PropertyPage" tests="4" failures="0" timestamp="7 Apr 2019 12:07:44 GMT" time="14.528" errors="0">
  <testcase name="ValidateAgentDetails" time="0.211" classname="com.zoopa.TestCases.PropertyPageTest"/>
  <testcase name="validateLogoTest" time="0.023" classname="com.zoopa.TestCases.PropertyPageTest"/>
  <testcase name="validateAgentNameTest" time="0.022" classname="com.zoopa.TestCases.PropertyPageTest"/>
  <testcase name="validateAgentPhNo" time="0.019" classname="com.zoopa.TestCases.PropertyPageTest"/>
</testsuite> <!-- PropertyPage -->
