<?xml version="1.0" encoding="UTF-8"?>
<!-- Generated by org.testng.reporters.JUnitXMLReporter -->
<testsuite hostname="M290012VYJHC8" name="SearchResultPage" tests="2" failures="0" timestamp="7 Apr 2019 12:07:29 GMT" time="14.865" errors="0">
  <testcase name="printPriceListDescendingOrderTest" time="2.072" classname="com.zoopa.TestCases.SearchPageTest"/>
  <testcase name="click_On_5th_Property_AND_Verify" time="3.074" classname="com.zoopa.TestCases.SearchPageTest"/>
</testsuite> <!-- SearchResultPage -->
