<?xml version="1.0" encoding="UTF-8"?>
<!-- Generated by org.testng.reporters.JUnitXMLReporter -->
<testsuite hostname="M290012VYJHC8" name="Test" tests="1" failures="1" timestamp="6 Apr 2019 16:14:38 GMT" time="11.581" errors="0">
  <testcase name="ValidateHomePagetitle" time="0.004" classname="com.zoopa.TestCases.HomePageTests">
    <failure type="java.lang.NullPointerException">
      <![CDATA[java.lang.NullPointerException
	at com.zoopla.pages.Zoopa_HomePage.ValidateTiltle(Zoopa_HomePage.java:29)
	at com.zoopa.TestCases.HomePageTests.ValidateHomePagetitle(HomePageTests.java:20)
... Removed 24 stack frames]]>
    </failure>
  </testcase> <!-- ValidateHomePagetitle -->
</testsuite> <!-- Test -->
